<?xml version="1.0" encoding="UTF-8"?>
<!-- Generated by org.testng.reporters.JUnitXMLReporter -->
<testsuite ignored="0" hostname="ubuntu" failures="0" tests="1" name="Test" time="26.506" errors="0" timestamp="2023-07-03T22:48:02 IST">
  <testcase classname="test.PB_TC1234_validateUNUsePropertyFile" name="@BeforeMethod signIntopolicyBazaar" time="9.524">
    <failure type="org.openqa.selenium.ElementNotInteractableException" message="element not interactable
  (Session info: chrome=100.0.4896.60)
Build info: version: &amp;apos;4.9.1&amp;apos;, revision: &amp;apos;eb2032df7f&amp;apos;
System info: os.name: &amp;apos;Linux&amp;apos;, os.arch: &amp;apos;amd64&amp;apos;, os.version: &amp;apos;4.15.0-213-generic&amp;apos;, java.version: &amp;apos;17.0.7&amp;apos;
Driver info: org.openqa.selenium.chrome.ChromeDriver
Command: [7a4e76742304d9245f67144a482597d2, clickElement {id=caa859cf-62d2-498f-afde-14b521939997}]
Capabilities {acceptInsecureCerts: false, browserName: chrome, browserVersion: 100.0.4896.60, chrome: {chromedriverVersion: 100.0.4896.60 (6a5d10861ce8..., userDataDir: /tmp/.com.google.Chrome.PDXX4a}, goog:chromeOptions: {debuggerAddress: localhost:41299}, networkConnectionEnabled: false, pageLoadStrategy: normal, platformName: linux, proxy: Proxy(), se:cdp: ws://localhost:41299/devtoo..., se:cdpVersion: 100.0.4896.60, setWindowRect: true, strictFileInteractability: false, timeouts: {implicit: 0, pageLoad: 300000, script: 30000}, unhandledPromptBehavior: dismiss and notify, webauthn:extension:credBlob: true, webauthn:extension:largeBlob: true, webauthn:virtualAuthenticators: true}
Element: [[ChromeDriver: chrome on linux (7a4e76742304d9245f67144a482597d2)] -&amp;gt; xpath: //div[text()=&amp;apos;My Account&amp;apos;]]
Session ID: 7a4e76742304d9245f67144a482597d2">
      <![CDATA[org.openqa.selenium.ElementNotInteractableException: element not interactable
  (Session info: chrome=100.0.4896.60)
Build info: version: '4.9.1', revision: 'eb2032df7f'
System info: os.name: 'Linux', os.arch: 'amd64', os.version: '4.15.0-213-generic', java.version: '17.0.7'
Driver info: org.openqa.selenium.chrome.ChromeDriver
Command: [7a4e76742304d9245f67144a482597d2, clickElement {id=caa859cf-62d2-498f-afde-14b521939997}]
Capabilities {acceptInsecureCerts: false, browserName: chrome, browserVersion: 100.0.4896.60, chrome: {chromedriverVersion: 100.0.4896.60 (6a5d10861ce8..., userDataDir: /tmp/.com.google.Chrome.PDXX4a}, goog:chromeOptions: {debuggerAddress: localhost:41299}, networkConnectionEnabled: false, pageLoadStrategy: normal, platformName: linux, proxy: Proxy(), se:cdp: ws://localhost:41299/devtoo..., se:cdpVersion: 100.0.4896.60, setWindowRect: true, strictFileInteractability: false, timeouts: {implicit: 0, pageLoad: 300000, script: 30000}, unhandledPromptBehavior: dismiss and notify, webauthn:extension:credBlob: true, webauthn:extension:largeBlob: true, webauthn:virtualAuthenticators: true}
Element: [[ChromeDriver: chrome on linux (7a4e76742304d9245f67144a482597d2)] -> xpath: //div[text()='My Account']]
Session ID: 7a4e76742304d9245f67144a482597d2
at org.openqa.selenium.remote.codec.w3c.W3CHttpResponseCodec.createException(W3CHttpResponseCodec.java:200)
at org.openqa.selenium.remote.codec.w3c.W3CHttpResponseCodec.decode(W3CHttpResponseCodec.java:133)
at org.openqa.selenium.remote.codec.w3c.W3CHttpResponseCodec.decode(W3CHttpResponseCodec.java:53)
at org.openqa.selenium.remote.HttpCommandExecutor.execute(HttpCommandExecutor.java:193)
at org.openqa.selenium.remote.service.DriverCommandExecutor.invokeExecute(DriverCommandExecutor.java:183)
at org.openqa.selenium.remote.service.DriverCommandExecutor.execute(DriverCommandExecutor.java:158)
at org.openqa.selenium.remote.RemoteWebDriver.execute(RemoteWebDriver.java:543)
at org.openqa.selenium.remote.RemoteWebElement.execute(RemoteWebElement.java:257)
at org.openqa.selenium.remote.RemoteWebElement.click(RemoteWebElement.java:78)
at org.openqa.selenium.support.pagefactory.internal.LocatingElementHandler.invoke(LocatingElementHandler.java:52)
at jdk.proxy2/jdk.proxy2.$Proxy18.click(Unknown Source)
at POM.LoginPagePBDyanamic.ClickOnMyAccount(LoginPagePBDyanamic.java:85)
at test.PB_TC1234_validateUNUsePropertyFile.signIntopolicyBazaar(PB_TC1234_validateUNUsePropertyFile.java:66)
at java.base/java.util.ArrayList.forEach(ArrayList.java:1511)
... Removed 40 stack frames]]>
    </failure>
  </testcase> <!-- @BeforeMethod signIntopolicyBazaar -->
  <testcase classname="test.PB_TC1234_validateUNUsePropertyFile" name="@AfterMethod LogountFromPolicyBazaar" time="0.0">
    <skipped/>
  </testcase> <!-- @AfterMethod LogountFromPolicyBazaar -->
  <testcase classname="test.PB_TC1234_validateUNUsePropertyFile" name="@AfterClass closePolicyBazaar" time="0.0">
    <skipped/>
  </testcase> <!-- @AfterClass closePolicyBazaar -->
  <testcase classname="test.PB_TC1234_validateUNUsePropertyFile" name="validateUN" time="0.0">
    <skipped/>
  </testcase> <!-- validateUN -->
</testsuite> <!-- Test -->
